[backblue.gif]
[fade.gif]
[index.html]
[www.sysincorporation.com/innovtouch/themes/sys/img/favicon.png]
[www.sysincorporation.com/innovtouch/themes/sys/js/vendor/modernizr-2.8.3-respond-1.4.2.min.js]
[www.sysincorporation.com/innovtouch/themes/sys/img/logo.png]
[www.sysincorporation.com/innovtouch/uploads/2019/08/slide-1.jpg]
[www.sysincorporation.com/innovtouch/uploads/2019/08/slide-2.jpg]
[www.sysincorporation.com/innovtouch/uploads/2019/08/slide-3.jpg]
[www.sysincorporation.com/innovtouch/themes/sys/img/abt-home.jpg]
[www.sysincorporation.com/innovtouch/uploads/2019/07/brood-stock.jpg]
[www.sysincorporation.com/innovtouch/uploads/2019/07/larval-feed.jpg]
[www.sysincorporation.com/innovtouch/uploads/2019/07/nursaery-feed.jpg]
[www.sysincorporation.com/innovtouch/uploads/2019/07/supplement-diet.jpg]
[www.sysincorporation.com/innovtouch/uploads/2019/07/probiotic.jpg]
[www.sysincorporation.com/innovtouch/uploads/2019/07/Water-Quality-Test-Kit.jpg]
[www.sysincorporation.com/innovtouch/themes/sys/img/dd-white.png]
[www.sysincorporation.com/innovtouch/themes/sys/js/vendor/jquery-1.12.4.min.js]
[www.sysincorporation.com/innovtouch/themes/sys/js/vendor/bootstrap.min.js]
[www.sysincorporation.com/innovtouch/themes/sys/js/vendor/tether.min.js]
[www.sysincorporation.com/innovtouch/themes/sys/js/vendor/imagesloaded.pkgd.min.js]
[www.sysincorporation.com/innovtouch/themes/sys/js/vendor/owl.carousel.min.js]
[www.sysincorporation.com/innovtouch/themes/sys/js/vendor/jquery.isotope.v3.0.2.js]
[www.sysincorporation.com/innovtouch/themes/sys/js/vendor/smooth-scroll.min.js]
[www.sysincorporation.com/innovtouch/themes/sys/js/vendor/venobox.min.js]
[www.sysincorporation.com/innovtouch/themes/sys/js/vendor/jquery.counterup.min.js]
[www.sysincorporation.com/innovtouch/themes/sys/js/vendor/jquery.waypoints.v2.0.3.min.js]
[www.sysincorporation.com/innovtouch/themes/sys/js/vendor/jquery.slicknav.min.js]
[www.sysincorporation.com/innovtouch/themes/sys/js/vendor/jquery.nivo.slider.pack.js]
[www.sysincorporation.com/innovtouch/themes/sys/js/vendor/jquery.nice-select.min.js]
[www.sysincorporation.com/innovtouch/themes/sys/js/vendor/jquery.mb.YTPlayer.min.js]
[www.sysincorporation.com/innovtouch/themes/sys/js/vendor/wow.min.js]
[www.sysincorporation.com/innovtouch/themes/sys/js/contact.js]
[www.sysincorporation.com/innovtouch/themes/sys/js/quote.js]
[www.sysincorporation.com/innovtouch/themes/sys/js/jquery.fancybox.min.js]
[www.sysincorporation.com/innovtouch/themes/sys/js/main.js]
[www.sysincorporation.com/index.html]
[www.sysincorporation.com/innovtouch/themes/sys/fonts/fa-brands-400.eot]
[www.sysincorporation.com/innovtouch/themes/sys/fonts/fa-brands-400d41dd41d.eot]
[www.sysincorporation.com/innovtouch/themes/sys/fonts/fa-brands-400.woff]
[www.sysincorporation.com/innovtouch/themes/sys/fonts/fa-brands-400.ttf]
[www.sysincorporation.com/innovtouch/themes/sys/fonts/fa-regular-400.eot]
[www.sysincorporation.com/innovtouch/themes/sys/fonts/fa-regular-400d41dd41d.eot]
[www.sysincorporation.com/innovtouch/themes/sys/fonts/fa-regular-400.woff]
[www.sysincorporation.com/innovtouch/themes/sys/fonts/fa-regular-400.ttf]
[www.sysincorporation.com/innovtouch/themes/sys/fonts/fa-solid-900.eot]
[www.sysincorporation.com/innovtouch/themes/sys/fonts/fa-solid-900d41dd41d.eot]
[www.sysincorporation.com/innovtouch/themes/sys/fonts/fa-solid-900.woff]
[www.sysincorporation.com/innovtouch/themes/sys/fonts/fa-solid-900.ttf]
[www.sysincorporation.com/innovtouch/themes/sys/css/fontawesome.min.css]
[www.sysincorporation.com/innovtouch/themes/sys/fonts/themify9f249f24.eot]
[www.sysincorporation.com/innovtouch/themes/sys/fonts/themifyd41dd41d.eot]
[www.sysincorporation.com/innovtouch/themes/sys/fonts/themify9f249f24.woff]
[www.sysincorporation.com/innovtouch/themes/sys/fonts/themify9f249f24.ttf]
[www.sysincorporation.com/innovtouch/themes/sys/css/themify-icons.css]
[www.sysincorporation.com/innovtouch/themes/sys/fonts/ElegantIcons.eot]
[www.sysincorporation.com/innovtouch/themes/sys/fonts/ElegantIconsd41dd41d.eot]
[www.sysincorporation.com/innovtouch/themes/sys/fonts/ElegantIcons.woff]
[www.sysincorporation.com/innovtouch/themes/sys/fonts/ElegantIcons.ttf]
[www.sysincorporation.com/innovtouch/themes/sys/css/elegant-font-icons.css]
[www.sysincorporation.com/innovtouch/themes/sys/fonts/et-line.eot]
[www.sysincorporation.com/innovtouch/themes/sys/fonts/et-lined41dd41d.eot]
[www.sysincorporation.com/innovtouch/themes/sys/fonts/et-line.woff]
[www.sysincorporation.com/innovtouch/themes/sys/fonts/et-line.ttf]
[www.sysincorporation.com/innovtouch/themes/sys/css/elegant-line-icons.css]
[www.sysincorporation.com/innovtouch/themes/sys/fonts/Flaticon.eot]
[www.sysincorporation.com/innovtouch/themes/sys/fonts/Flaticond41dd41d.eot]
[www.sysincorporation.com/innovtouch/themes/sys/fonts/Flaticon.woff]
[www.sysincorporation.com/innovtouch/themes/sys/fonts/Flaticon.ttf]
[www.sysincorporation.com/innovtouch/themes/sys/css/flaticon.css]
[www.sysincorporation.com/innovtouch/themes/sys/css/bootstrap.min.css]
[www.sysincorporation.com/innovtouch/themes/sys/css/venobox/venobox.css]
[www.sysincorporation.com/innovtouch/themes/sys/css/owl.carousel.css]
[www.sysincorporation.com/innovtouch/themes/sys/css/nice-select.css]
[www.sysincorporation.com/innovtouch/themes/sys/css/slicknav.min.css]
[www.sysincorporation.com/innovtouch/themes/sys/css/css-animation.min.css]
[www.sysincorporation.com/innovtouch/themes/sys/css/nivo-slider.css]
[www.sysincorporation.com/innovtouch/themes/sys/css/jquery.fancybox.min.css]
[www.sysincorporation.com/innovtouch/themes/sys/img/about-bg.jpg]
[www.sysincorporation.com/innovtouch/themes/sys/img/video-background.jpg]
[www.sysincorporation.com/innovtouch/themes/sys/img/counters-bg.jpg]
[www.sysincorporation.com/innovtouch/themes/sys/img/cta-bg.jpg]
[www.sysincorporation.com/innovtouch/themes/sys/img/callout-bg.jpg]
[www.sysincorporation.com/innovtouch/themes/sys/img/hero-background.jpg]
[www.sysincorporation.com/innovtouch/themes/sys/img/hero-video-background.jpg]
[www.sysincorporation.com/innovtouch/themes/sys/img/page-header-bg.jpg]
[www.sysincorporation.com/innovtouch/themes/sys/img/quote.png]
[www.sysincorporation.com/innovtouch/themes/sys/css/main.css]
[www.sysincorporation.com/innovtouch/themes/sys/css/responsive.css]
[www.sysincorporation.com/innovtouch/themes/sys/css/custom.css]
[www.sysincorporation.com/about/index.html]
[www.sysincorporation.com/innovtouch/uploads/2019/08/cartridge-housing.jpg]
[www.sysincorporation.com/innovtouch/uploads/2019/08/cod-liver-oil.jpg]
[www.sysincorporation.com/products/index.html]
[www.sysincorporation.com/innovtouch/uploads/2019/08/20150213110452_0.png]
[www.sysincorporation.com/innovtouch/uploads/2019/08/2-1.jpg]
[www.sysincorporation.com/innovtouch/uploads/2019/08/5-1.jpg]
[www.sysincorporation.com/innovtouch/uploads/2019/08/1-3.jpg]
[www.sysincorporation.com/innovtouch/uploads/2019/08/scallop.png]
[www.sysincorporation.com/innovtouch/uploads/2019/08/1-5.jpg]
[www.sysincorporation.com/broodstock-feed/index.html]
[www.sysincorporation.com/innovtouch/uploads/2019/08/Bio-MPL3.jpg]
[www.sysincorporation.com/innovtouch/uploads/2019/08/Larvi-Ta-ZMP1.jpg]
[www.sysincorporation.com/innovtouch/uploads/2019/08/cd701464-a345-44df-95e1-7ec01a08ac95.jpg]
[www.sysincorporation.com/innovtouch/uploads/2019/08/Oscar-Flakes-2.jpg]
[www.sysincorporation.com/innovtouch/uploads/2019/08/Larval-feed-Higashimaru-PV.jpg]
[www.sysincorporation.com/larval-feed/index.html]
[www.sysincorporation.com/innovtouch/uploads/2019/08/Bio-MPL1.jpg]
[www.sysincorporation.com/innovtouch/uploads/2019/08/Nursing-–-MPL.jpg]
[www.sysincorporation.com/innovtouch/uploads/2019/08/Prawn-Pellet-Feed.jpg]
[www.sysincorporation.com/nursery-feed/index.html]
[www.sysincorporation.com/innovtouch/uploads/2019/08/Bi-Omega-2.jpg]
[www.sysincorporation.com/innovtouch/uploads/2019/08/HydroMAC.jpg]
[www.sysincorporation.com/innovtouch/uploads/2019/08/Asta-Oil-3.jpg]
[www.sysincorporation.com/innovtouch/uploads/2019/08/DHA-Gold-2.jpg]
[www.sysincorporation.com/innovtouch/uploads/2019/08/Veta-Vit.jpg]
[www.sysincorporation.com/innovtouch/uploads/2019/08/Premium-Spilurina-2.jpg]
[www.sysincorporation.com/innovtouch/uploads/2019/08/Marine-Max.jpg]
[www.sysincorporation.com/innovtouch/uploads/2019/08/spermaxx.jpg]
[www.sysincorporation.com/innovtouch/uploads/2019/08/Transafe.jpg]
[www.sysincorporation.com/innovtouch/uploads/2019/08/water-conditioner_bio_asta.jpg]
[www.sysincorporation.com/innovtouch/uploads/2019/10/WhatsApp-Image-2019-10-29-at-17.28.51.jpg]
[www.sysincorporation.com/innovtouch/uploads/2019/10/WhatsApp-Image-2019-10-29-at-17.33.15.jpg]
[www.sysincorporation.com/diet/index.html]
[www.sysincorporation.com/innovtouch/uploads/2019/08/envibac-1.jpg]
[www.sysincorporation.com/innovtouch/uploads/2019/08/Novobiotic-2.jpg]
[www.sysincorporation.com/probiotic/index.html]
[www.sysincorporation.com/innovtouch/uploads/2019/08/pH-test-kit.jpg]
[www.sysincorporation.com/innovtouch/uploads/2019/08/Alkalinity-test-kit.jpg]
[www.sysincorporation.com/innovtouch/uploads/2019/08/Nitrite-test-kit.jpg]
[www.sysincorporation.com/innovtouch/uploads/2019/08/Ammonia-test-kit.jpg]
[www.sysincorporation.com/innovtouch/uploads/2019/08/Sulfide-test-kit.jpg]
[www.sysincorporation.com/innovtouch/uploads/2019/08/Chlorine-test-kit.jpg]
[www.sysincorporation.com/innovtouch/uploads/2019/08/Total-hardness-test-kit.jpg]
[www.sysincorporation.com/innovtouch/uploads/2019/08/Calcium-test-kit.jpg]
[www.sysincorporation.com/innovtouch/uploads/2019/08/Magnesium-test-kit.jpg]
[www.sysincorporation.com/innovtouch/uploads/2019/08/Phosphate-test-kit.jpg]
[www.sysincorporation.com/innovtouch/uploads/2019/08/Dissolved-oxygen-test-kit.jpg]
[www.sysincorporation.com/innovtouch/uploads/2019/08/api.jpg]
[www.sysincorporation.com/water/index.html]
[www.sysincorporation.com/innovtouch/uploads/2019/08/vitamin-A.jpg]
[www.sysincorporation.com/innovtouch/uploads/2019/08/vitamin-B.jpg]
[www.sysincorporation.com/innovtouch/uploads/2019/08/vitamin-C.jpg]
[www.sysincorporation.com/innovtouch/uploads/2019/08/vitamin-E.jpg]
[www.sysincorporation.com/innovtouch/uploads/2019/08/krill-oil.jpg]
[www.sysincorporation.com/innovtouch/uploads/2019/08/fish-oil.jpg]
[www.sysincorporation.com/innovtouch/uploads/2019/08/multivitamin-drops.jpg]
[www.sysincorporation.com/innovtouch/uploads/2019/08/yeast.jpg]
[www.sysincorporation.com/innovtouch/uploads/2019/08/povidon-iodine.jpg]
[www.sysincorporation.com/innovtouch/uploads/2019/08/spermaxx-1.jpg]
[www.sysincorporation.com/innovtouch/uploads/2019/08/asthazanthin-10.jpg]
[www.sysincorporation.com/innovtouch/uploads/2019/08/spiriluna-powder.jpg]
[www.sysincorporation.com/innovtouch/uploads/2019/08/cholesterol-powder.jpg]
[www.sysincorporation.com/innovtouch/uploads/2019/08/mineral-mixer.jpg]
[www.sysincorporation.com/innovtouch/uploads/2019/08/Sweet-paparica.jpg]
[www.sysincorporation.com/innovtouch/uploads/2019/08/Soyalecthin.jpg]
[www.sysincorporation.com/innovtouch/uploads/2019/08/Protein-gel......jpg]
[www.sysincorporation.com/broodstockmd/index.html]
[www.sysincorporation.com/innovtouch/uploads/2019/08/Air-blowers-1.jpg]
[www.sysincorporation.com/innovtouch/uploads/2019/08/Submersible-pump.jpg]
[www.sysincorporation.com/innovtouch/uploads/2019/08/Magnetic-Air-Pump.jpg]
[www.sysincorporation.com/innovtouch/uploads/2019/08/air-regulators.jpg]
[www.sysincorporation.com/innovtouch/uploads/2019/08/Air-stone.jpg]
[www.sysincorporation.com/innovtouch/uploads/2019/08/Air-tube-roll.jpg]
[www.sysincorporation.com/innovtouch/uploads/2019/08/catridge-filters-wound-.jpg]
[www.sysincorporation.com/innovtouch/uploads/2019/08/connectors.jpg]
[www.sysincorporation.com/innovtouch/uploads/2019/08/Erma-salinity-meter.jpg]
[www.sysincorporation.com/innovtouch/uploads/2019/08/DO-Meter.jpg]
[www.sysincorporation.com/innovtouch/uploads/2019/08/Imported-Heaters.jpg]
[www.sysincorporation.com/innovtouch/uploads/2019/08/Microscop.jpg]
[www.sysincorporation.com/innovtouch/uploads/2019/08/PL-counting-spoon.jpg]
[www.sysincorporation.com/innovtouch/uploads/2019/08/pH-pen.jpg]
[www.sysincorporation.com/innovtouch/uploads/2019/08/pH-pen-pocket-type.jpg]
[www.sysincorporation.com/innovtouch/uploads/2019/08/Q-PASS-tank.-PL-2.jpg]
[www.sysincorporation.com/innovtouch/uploads/2019/08/Bio-balls..-Filter-Media.jpg]
[www.sysincorporation.com/innovtouch/uploads/2019/08/Fab-filter-Media.jpg]
[www.sysincorporation.com/innovtouch/uploads/2019/08/Mesh-clothes-nettings.jpg]
[www.sysincorporation.com/innovtouch/uploads/2019/08/Activated-carbon-Filter-Media.jpg]
[www.sysincorporation.com/innovtouch/uploads/2019/08/Ceramic-balls-filter-media.jpg]
[www.sysincorporation.com/innovtouch/uploads/2019/08/Toshiba-under-water-tourch-light.jpg]
[www.sysincorporation.com/innovtouch/uploads/2019/08/Lead-weight-Shinkers.jpg]
[www.sysincorporation.com/innovtouch/uploads/2019/08/Air-stone-7inch-imported.jpg]
[www.sysincorporation.com/accessory/index.html]
[www.sysincorporation.com/contact/index.html]
[www.sysincorporation.com/innovtouch/themes/sys/fonts/fa-brands-400.html]
[www.sysincorporation.com/innovtouch/themes/sys/fonts/fa-brands-400.svg]
[www.sysincorporation.com/innovtouch/themes/sys/fonts/fa-regular-400.html]
[www.sysincorporation.com/innovtouch/themes/sys/fonts/fa-regular-400.svg]
[www.sysincorporation.com/innovtouch/themes/sys/fonts/fa-solid-900.html]
[www.sysincorporation.com/innovtouch/themes/sys/fonts/fa-solid-900.svg]
[www.sysincorporation.com/innovtouch/themes/sys/fonts/themify9f249f24.svg]
[www.sysincorporation.com/innovtouch/themes/sys/fonts/ElegantIcons.svg]
[www.sysincorporation.com/innovtouch/themes/sys/fonts/et-line.svg]
[www.sysincorporation.com/innovtouch/themes/sys/fonts/Flaticon.html]
[www.sysincorporation.com/innovtouch/themes/sys/fonts/Flaticon.svg]
[www.sysincorporation.com/innovtouch/themes/sys/css/Flaticon.html]
[www.sysincorporation.com/innovtouch/themes/sys/css/owl.video.play.html]
[www.sysincorporation.com/innovtouch/uploads/2019/08/Red-dragon.jpg]
[www.sysincorporation.com/innovtouch/uploads/2019/08/3.jpg]
[www.sysincorporation.com/innovtouch/uploads/2019/08/2.jpg]
[www.sysincorporation.com/broodstock/red-dragon/index.html]
[www.sysincorporation.com/innovtouch/uploads/2019/08/7.jpg]
[www.sysincorporation.com/innovtouch/uploads/2019/08/6.jpg]
[www.sysincorporation.com/innovtouch/uploads/2019/08/5.jpg]
[www.sysincorporation.com/innovtouch/uploads/2019/08/4.jpg]
[www.sysincorporation.com/innovtouch/uploads/2019/08/3-1.jpg]
[www.sysincorporation.com/innovtouch/uploads/2019/08/1-1.jpg]
[www.sysincorporation.com/broodstock/frozen-krill/index.html]
[www.sysincorporation.com/innovtouch/uploads/2019/08/1-2.jpg]
[www.sysincorporation.com/innovtouch/uploads/2019/08/2-2.jpg]
[www.sysincorporation.com/innovtouch/uploads/2019/08/3-2.jpg]
[www.sysincorporation.com/innovtouch/uploads/2019/08/4-1.jpg]
[www.sysincorporation.com/broodstock/frozen-squid/index.html]
[www.sysincorporation.com/innovtouch/uploads/2019/08/squid-mac.jpg]
[www.sysincorporation.com/broodstock/squid-mac/index.html]
[www.sysincorporation.com/innovtouch/uploads/2019/08/2-3.jpg]
[www.sysincorporation.com/innovtouch/uploads/2019/08/1-4.jpg]
[www.sysincorporation.com/broodstock/scallop/index.html]
[www.sysincorporation.com/broodstock/mussel/index.html]
[www.sysincorporation.com/innovtouch/uploads/2019/08/Bio-MPL-5.jpg]
[www.sysincorporation.com/innovtouch/uploads/2019/08/Bio-MPL4.jpg]
[www.sysincorporation.com/larval/bio-mpl/index.html]
[www.sysincorporation.com/innovtouch/uploads/2019/08/Larvi-Ta-ZMP-1.jpg]
[www.sysincorporation.com/innovtouch/uploads/2019/08/Larvi-Ta-ZMP2.jpg]
[www.sysincorporation.com/innovtouch/uploads/2019/08/Larvi-Ta-ZMP3.jpg]
[www.sysincorporation.com/innovtouch/uploads/2019/08/Larvi-Ta-ZMP4.jpg]
[www.sysincorporation.com/innovtouch/uploads/2019/08/larva-zmp-150.jpg]
[www.sysincorporation.com/larval/larvi-ta-zmp/index.html]
[www.sysincorporation.com/larval/higashimaru/index.html]
[www.sysincorporation.com/innovtouch/uploads/2019/08/Oscar-Flakes-1.jpg]
[www.sysincorporation.com/larval/oscar-flakes/index.html]
[www.sysincorporation.com/innovtouch/uploads/2019/08/Larval-feed-Higashimaru-PV-7.jpg]
[www.sysincorporation.com/innovtouch/uploads/2019/08/Larval-feed-Higashimaru-PV-5.jpg]
[www.sysincorporation.com/innovtouch/uploads/2019/08/Larval-feed-Higashimaru-PV-6.jpg]
[www.sysincorporation.com/innovtouch/uploads/2019/08/Larval-feed-Higashimaru-PV-2.jpg]
[www.sysincorporation.com/innovtouch/uploads/2019/08/Larval-feed-Higashimaru-PV-3.jpg]
[www.sysincorporation.com/innovtouch/uploads/2019/08/Larval-feed-Higashimaru-PV-1.jpg]
[www.sysincorporation.com/larval/higashimaru-2/index.html]
[www.sysincorporation.com/nursery/bio-mpl/index.html]
[www.sysincorporation.com/innovtouch/uploads/2019/08/Nursing-–-MPL-3.jpg]
[www.sysincorporation.com/innovtouch/uploads/2019/08/Nursing-–-MPL-1.jpg]
[www.sysincorporation.com/innovtouch/uploads/2019/08/Nursing-–-MPL-2.jpg]
[www.sysincorporation.com/nursery/nursing-mpl/index.html]
[www.sysincorporation.com/innovtouch/uploads/2019/08/Prawn-Pellet-Feed-1.jpg]
[www.sysincorporation.com/nursery/prawn-pellet-feed/index.html]
[www.sysincorporation.com/innovtouch/uploads/2019/08/water-conditioner_bi-omega.jpg]
[www.sysincorporation.com/innovtouch/uploads/2019/08/Bi-Omega-3.jpg]
[www.sysincorporation.com/innovtouch/uploads/2019/08/Bi-Omega-4.jpg]
[www.sysincorporation.com/innovtouch/uploads/2019/08/Bi-Omega-5.jpg]
[www.sysincorporation.com/innovtouch/uploads/2019/08/Bi-Omega-1.jpg]
[www.sysincorporation.com/diet/bi-omega/index.html]
[www.sysincorporation.com/innovtouch/uploads/2019/08/water-conditioner_water_conditioner_hydro_MAC.jpg]
[www.sysincorporation.com/diet/hydromac/index.html]
[www.sysincorporation.com/innovtouch/uploads/2019/08/Asta-Oil-2.jpg]
[www.sysincorporation.com/innovtouch/uploads/2019/08/Asta-Oil-1.jpg]
[www.sysincorporation.com/diet/asta-oil/index.html]
[www.sysincorporation.com/innovtouch/uploads/2019/08/water-conditioner_DHA-Gold.jpg]
[www.sysincorporation.com/innovtouch/uploads/2019/08/DHA-Gold-4.jpg]
[www.sysincorporation.com/innovtouch/uploads/2019/08/DHA-Gold-3.jpg]
[www.sysincorporation.com/innovtouch/uploads/2019/08/DHA-Gold-1.jpg]
[www.sysincorporation.com/diet/dha-gold/index.html]
[www.sysincorporation.com/innovtouch/uploads/2019/08/water-conditioner_veta-vit.jpg]
[www.sysincorporation.com/diet/veta-vit/index.html]
[www.sysincorporation.com/innovtouch/uploads/2019/08/Premium-Spilurina-1.jpg]
[www.sysincorporation.com/innovtouch/uploads/2019/08/Premium-Spilurina-4.jpg]
[www.sysincorporation.com/innovtouch/uploads/2019/08/Premium-Spilurina-3.jpg]
[www.sysincorporation.com/diet/premium-spilurina/index.html]
[www.sysincorporation.com/diet/marine-max/index.html]
[www.sysincorporation.com/diet/spermaxx/index.html]
[www.sysincorporation.com/diet/transafe/index.html]
[www.sysincorporation.com/diet/bio-astha/index.html]
[www.sysincorporation.com/innovtouch/uploads/2019/10/WhatsApp-Image-2019-10-29-at-17.15.53.jpg]
[www.sysincorporation.com/innovtouch/uploads/2019/10/WhatsApp-Image-2019-10-29-at-17.15.53-1.jpg]
[www.sysincorporation.com/diet/red-oil/index.html]
[www.sysincorporation.com/diet/o-essent/index.html]
[www.sysincorporation.com/innovtouch/uploads/2019/08/water-conditioner_envibiac.jpg]
[www.sysincorporation.com/probiotic/envibac/index.html]
[www.sysincorporation.com/innovtouch/uploads/2019/08/novobiotic_plus.jpg]
[www.sysincorporation.com/innovtouch/uploads/2019/08/Novobiotic-1.jpg]
[www.sysincorporation.com/probiotic/novobiotic-plus/index.html]
[www.sysincorporation.com/water/ph-test-kit/index.html]
[www.sysincorporation.com/water/alkalinity-test-kit/index.html]
[www.sysincorporation.com/water/nitrite-test-kit/index.html]
[www.sysincorporation.com/water/ammonia-test-kit/index.html]
[www.sysincorporation.com/water/sulfide-test-kit/index.html]
[www.sysincorporation.com/water/chlorine-test-kit/index.html]
[www.sysincorporation.com/water/total-hardness-test-kit/index.html]
[www.sysincorporation.com/water/calcium-test-kit/index.html]
[www.sysincorporation.com/water/magnesium-test-kit/index.html]
[www.sysincorporation.com/water/phosphate-test-kit/index.html]
[www.sysincorporation.com/water/dissolved-oxygen-test-kit/index.html]
[www.sysincorporation.com/water/api-test-kit/index.html]
[www.sysincorporation.com/broodstockmd/vitamin-a/index.html]
[www.sysincorporation.com/broodstockmd/vitamin-b/index.html]
[www.sysincorporation.com/broodstockmd/vitamin-c/index.html]
[www.sysincorporation.com/broodstockmd/vitamin-e/index.html]
[www.sysincorporation.com/broodstockmd/krill-oil/index.html]
[www.sysincorporation.com/broodstockmd/cod-liver-oil/index.html]
[www.sysincorporation.com/broodstockmd/fish-oil/index.html]
[www.sysincorporation.com/broodstockmd/multi-vitamin-drops/index.html]
[www.sysincorporation.com/broodstockmd/yeast/index.html]
[www.sysincorporation.com/broodstockmd/povidon-iodine/index.html]
[www.sysincorporation.com/broodstockmd/spermaxx/index.html]
[www.sysincorporation.com/broodstockmd/asthazanthin/index.html]
[www.sysincorporation.com/broodstockmd/spiriluna-powder/index.html]
[www.sysincorporation.com/broodstockmd/cholesterol-powder/index.html]
[www.sysincorporation.com/broodstockmd/mineral-mix/index.html]
[www.sysincorporation.com/broodstockmd/sweet-paparica/index.html]
[www.sysincorporation.com/broodstockmd/soyalecthin/index.html]
[www.sysincorporation.com/broodstockmd/protein-gel/index.html]
[www.sysincorporation.com/innovtouch/uploads/2019/08/Air-blowers.jpg]
[www.sysincorporation.com/accessory/air-blowers/index.html]
[www.sysincorporation.com/accessory/submersible-pump/index.html]
[www.sysincorporation.com/accessory/magnetic-air-pump/index.html]
[www.sysincorporation.com/accessory/air-regulators/index.html]
[www.sysincorporation.com/accessory/air-stone/index.html]
[www.sysincorporation.com/accessory/air-tube-roll/index.html]
[www.sysincorporation.com/accessory/cartridge-filters/index.html]
[www.sysincorporation.com/accessory/connectors/index.html]
[www.sysincorporation.com/accessory/cartridge-housing/index.html]
[www.sysincorporation.com/accessory/erma-salinity-meter/index.html]
[www.sysincorporation.com/accessory/do-meter/index.html]
[www.sysincorporation.com/accessory/imported-heaters/index.html]
[www.sysincorporation.com/accessory/microscope/index.html]
[www.sysincorporation.com/accessory/pl-counting-spoon/index.html]
[www.sysincorporation.com/accessory/ph-pen/index.html]
[www.sysincorporation.com/accessory/ph-pen-pocket-type/index.html]
[www.sysincorporation.com/innovtouch/uploads/2019/08/Q-PASS-tank.-PL-1.jpg]
[www.sysincorporation.com/innovtouch/uploads/2019/08/Q-PASS-tank.-PL-3.jpg]
[www.sysincorporation.com/accessory/q-pass-pl-transportation-tank/index.html]
[www.sysincorporation.com/innovtouch/uploads/2019/08/Q-PASS-tank.-PL-4.jpg]
[www.sysincorporation.com/accessory/bio-balls-filter-media/index.html]
[www.sysincorporation.com/accessory/fab-filter-media/index.html]
[www.sysincorporation.com/accessory/mesh-clothes-nettings/index.html]
[www.sysincorporation.com/accessory/activated-carbon-filter-media/index.html]
[www.sysincorporation.com/accessory/ceramic-balls-filter-media/index.html]
[www.sysincorporation.com/accessory/toshiba-under-water-tourch-light/index.html]
[www.sysincorporation.com/accessory/lead-weight-shinkers/index.html]
[www.sysincorporation.com/accessory/air-stone-7inch-imported/index.html]
[www.sysincorporation.com/broodstock/index.html]
[www.sysincorporation.com/larval/index.html]
[www.sysincorporation.com/nursery/index.html]
